#
# A fatal error has been detected by the Java Runtime Environment:
#
#  EXCEPTION_ACCESS_VIOLATION (0xc0000005) at pc=0x00007ff97d82e238, pid=26104, tid=0x0000000000005758
#
# JRE version: Java(TM) SE Runtime Environment (8.0_261-b12) (build 1.8.0_261-b12)
# Java VM: Java HotSpot(TM) 64-Bit Server VM (25.261-b12 mixed mode windows-amd64 compressed oops)
# Problematic frame:
# C  0x00007ff97d82e238
#
# Failed to write core dump. Minidumps are not enabled by default on client versions of Windows
#
# If you would like to submit a bug report, please visit:
#   http://bugreport.java.com/bugreport/crash.jsp
# The crash happened outside the Java Virtual Machine in native code.
# See problematic frame for where to report the bug.
#

---------------  T H R E A D  ---------------

Current thread (0x0000023fa6679000):  JavaThread "main" [_thread_in_native, id=22360, stack(0x000000a035400000,0x000000a0355f0000)]

siginfo: ExceptionCode=0xc0000005, writing address 0x0000000000000000

Registers:
RAX=0x0000000000000000, RBX=0x0000000000000000, RCX=0x0000023fa14eea00, RDX=0x0000000000000000
RSP=0x000000a0355d36c0, RBP=0x000000a0355d5e90, RSI=0x0000023f9e131b50, RDI=0x00007ff96d12e610
R8 =0x0000000000000003, R9 =0x0000000000000004, R10=0x0000023fa15c60d0, R11=0x000000a0355d36b0
R12=0x000000a0355d38c0, R13=0x000000a0355d7be0, R14=0x0000023fbc22ed50, R15=0x0000000000000000
RIP=0x00007ff97d82e238, EFLAGS=0x0000000000010246

Top of Stack: (sp=0x000000a0355d36c0)
0x000000a0355d36c0:   0000000000000000 0000000000000000
0x000000a0355d36d0:   0000023f9e131b50 00007ff96d12e610
0x000000a0355d36e0:   fffffffffffffffe 00007ff96ce3b831
0x000000a0355d36f0:   00007ff96d12e610 0000000000000000
0x000000a0355d3700:   0000023f9e131b50 0000023fa66791f8
0x000000a0355d3710:   0000023f9e130100 00007ff96d12e610
0x000000a0355d3720:   0000000000000000 0000023fc09af608
0x000000a0355d3730:   00007b939391c901 00000000b9e2f9c8
0x000000a0355d3740:   000000a0355d4bc8 00007ff97d82d61a
0x000000a0355d3750:   0000023fa66791f8 0000023fa66791f8
0x000000a0355d3760:   0000023fbcfd1600 0000023f9e131b50
0x000000a0355d3770:   0000000000000000 0000023fbcfd1600
0x000000a0355d3780:   0000023f9e131b50 0000023fa66791f8
0x000000a0355d3790:   0000000000000000 00007ff9e6d9b1cb
0x000000a0355d37a0:   fffffffffffffffe 000000a0355d3e10
0x000000a0355d37b0:   000018368588ed87 0000000a656e6f4e 

Instructions: (pc=0x00007ff97d82e238)
0x00007ff97d82e218:   08 01 00 00 48 ff 07 4c 8d 0d ba dd 00 00 4c 8b
0x00007ff97d82e228:   c7 49 8b d6 e8 8f db 00 00 48 8b 8e 08 01 00 00
0x00007ff97d82e238:   48 ff 03 4c 8d 0d 9e dd 00 00 4c 8b c3 49 8b d6
0x00007ff97d82e248:   e8 73 db 00 00 c6 44 24 70 00 48 8b 4c 24 48 48 


Register to memory mapping:

RAX=0x0000000000000000 is an unknown value
RBX=0x0000000000000000 is an unknown value
RCX=0x0000023fa14eea00 is an unknown value
RDX=0x0000000000000000 is an unknown value
RSP=0x000000a0355d36c0 is pointing into the stack for thread: 0x0000023fa6679000
RBP=0x000000a0355d5e90 is pointing into the stack for thread: 0x0000023fa6679000
RSI=0x0000023f9e131b50 is an unknown value
RDI=0x00007ff96d12e610 is an unknown value
R8 =0x0000000000000003 is an unknown value
R9 =0x0000000000000004 is an unknown value
R10=0x0000023fa15c60d0 is an unknown value
R11=0x000000a0355d36b0 is pointing into the stack for thread: 0x0000023fa6679000
R12=0x000000a0355d38c0 is pointing into the stack for thread: 0x0000023fa6679000
R13=0x000000a0355d7be0 is pointing into the stack for thread: 0x0000023fa6679000
R14=0x0000023fbc22ed50 is an unknown value
R15=0x0000000000000000 is an unknown value


Stack: [0x000000a035400000,0x000000a0355f0000],  sp=0x000000a0355d36c0,  free space=1869k
Native frames: (J=compiled Java code, j=interpreted, Vv=VM code, C=native code)
C  0x00007ff97d82e238
C  0x00007ff97d82d61a
C  0x00007ff97d85fb09
C  [VCRUNTIME140.dll+0x1030]
C  [VCRUNTIME140.dll+0x32f8]
C  [ntdll.dll+0xa0666]
C  0x00007ff97d842b5b
C  0x00007ff97d85fadd
C  [VCRUNTIME140.dll+0x1030]
C  [VCRUNTIME140.dll+0x32f8]
C  [ntdll.dll+0xa0666]
C  0x00007ff97d842af2
C  0x0000023fa82e9f4e

Java frames: (J=compiled Java code, j=interpreted, Vv=VM code)
j  org.jpype.manager.TypeFactoryNative.newWrapper(JJ)V+0
j  org.jpype.JPypeContext.newWrapper(J)V+16
v  ~StubRoutines::call_stub

---------------  P R O C E S S  ---------------

Java Threads: ( => current thread )
  0x0000023fa6c55000 JavaThread "Python Reference Queue" daemon [_thread_blocked, id=21420, stack(0x000000a0376e0000,0x000000a0378d0000)]
  0x0000023fa6aa1800 JavaThread "Service Thread" daemon [_thread_blocked, id=1300, stack(0x000000a037300000,0x000000a0374f0000)]
  0x0000023fa6a21000 JavaThread "C1 CompilerThread2" daemon [_thread_blocked, id=23828, stack(0x000000a037110000,0x000000a037300000)]
  0x0000023fa69fe800 JavaThread "C2 CompilerThread1" daemon [_thread_blocked, id=22628, stack(0x000000a036f20000,0x000000a037110000)]
  0x0000023fa69cc800 JavaThread "C2 CompilerThread0" daemon [_thread_blocked, id=12488, stack(0x000000a036d30000,0x000000a036f20000)]
  0x0000023fa69cc000 JavaThread "Attach Listener" daemon [_thread_blocked, id=17904, stack(0x000000a036b40000,0x000000a036d30000)]
  0x0000023fa69cb000 JavaThread "Signal Dispatcher" daemon [_thread_blocked, id=24984, stack(0x000000a036950000,0x000000a036b40000)]
  0x0000023fa6937000 JavaThread "Finalizer" daemon [_thread_blocked, id=13932, stack(0x000000a036760000,0x000000a036950000)]
  0x0000023fa6926000 JavaThread "Reference Handler" daemon [_thread_blocked, id=25572, stack(0x000000a036570000,0x000000a036760000)]
=>0x0000023fa6679000 JavaThread "main" [_thread_in_native, id=22360, stack(0x000000a035400000,0x000000a0355f0000)]

Other Threads:
  0x0000023fa684d800 VMThread [stack: 0x000000a036380000,0x000000a036570000] [id=22060]
  0x0000023fa69f5000 WatcherThread [stack: 0x000000a0374f0000,0x000000a0376e0000] [id=18440]

VM state:not at safepoint (normal execution)

VM Mutex/Monitor currently owned by a thread: None

heap address: 0x00000000c0000000, size: 1024 MB, Compressed Oops mode: 32-bit
Narrow klass base: 0x0000000000000000, Narrow klass shift: 3
Compressed class space size: 1073741824 Address: 0x0000000100000000

Heap:
 PSYoungGen      total 36864K, used 3369K [0x00000000eab00000, 0x00000000f4900000, 0x0000000100000000)
  eden space 36352K, 9% used [0x00000000eab00000,0x00000000eae32708,0x00000000ece80000)
  from space 512K, 18% used [0x00000000f4880000,0x00000000f4898000,0x00000000f4900000)
  to   space 512K, 0% used [0x00000000f4800000,0x00000000f4800000,0x00000000f4880000)
 ParOldGen       total 86016K, used 72520K [0x00000000c0000000, 0x00000000c5400000, 0x00000000eab00000)
  object space 86016K, 84% used [0x00000000c0000000,0x00000000c46d20b0,0x00000000c5400000)
 Metaspace       used 13946K, capacity 14580K, committed 14848K, reserved 1062912K
  class space    used 2084K, capacity 2249K, committed 2304K, reserved 1048576K

Card table byte_map: [0x0000023fb7690000,0x0000023fb78a0000] byte_map_base: 0x0000023fb7090000

Marking Bits: (ParMarkBitMap*) 0x00000000010d4fb0
 Begin Bits: [0x0000023fb7a00000, 0x0000023fb8a00000)
 End Bits:   [0x0000023fb8a00000, 0x0000023fb9a00000)

Polling page: 0x0000023fa82a0000

CodeCache: size=245760Kb used=9607Kb max_used=10253Kb free=236152Kb
 bounds [0x0000023fa82d0000, 0x0000023fa8d00000, 0x0000023fb72d0000]
 total_blobs=3285 nmethods=2915 adapters=282
 compilation: enabled

Compilation events (10 events):
Event: 81.487 Thread 0x0000023fa69fe800 nmethod 3490 0x0000023fa8a0b850 code [0x0000023fa8a0ba40, 0x0000023fa8a0c088]
Event: 81.491 Thread 0x0000023fa69cc800 nmethod 3491 0x0000023fa89199d0 code [0x0000023fa8919c00, 0x0000023fa891a6b0]
Event: 81.906 Thread 0x0000023fa69fe800 3492       4       java.util.ArrayList::toArray (12 bytes)
Event: 81.908 Thread 0x0000023fa69fe800 nmethod 3492 0x0000023fa879f790 code [0x0000023fa879f8e0, 0x0000023fa879fab8]
Event: 82.741 Thread 0x0000023fa69cc800 3493       4       java.util.TimSort::gallopLeft (335 bytes)
Event: 82.747 Thread 0x0000023fa69cc800 nmethod 3493 0x0000023fa87c1910 code [0x0000023fa87c1aa0, 0x0000023fa87c1eb0]
Event: 85.639 Thread 0x0000023fa6a21000 3494       3       org.openkoreantext.processor.tokenizer.ParsedChunk::$anonfun$josaMismatched$1 (410 bytes)
Event: 85.644 Thread 0x0000023fa6a21000 nmethod 3494 0x0000023fa8b97d50 code [0x0000023fa8b98400, 0x0000023fa8b9d9b0]
Event: 85.674 Thread 0x0000023fa69fe800 3495       4       org.openkoreantext.processor.tokenizer.ParsedChunk::$anonfun$josaMismatched$1 (410 bytes)
Event: 85.731 Thread 0x0000023fa69fe800 nmethod 3495 0x0000023fa88d9990 code [0x0000023fa88d9d00, 0x0000023fa88db728]

GC Heap History (10 events):
Event: 90.730 GC heap before
{Heap before GC invocations=117 (full 11):
 PSYoungGen      total 40960K, used 40576K [0x00000000eab00000, 0x00000000f4900000, 0x0000000100000000)
  eden space 40448K, 100% used [0x00000000eab00000,0x00000000ed280000,0x00000000ed280000)
  from space 512K, 25% used [0x00000000f4800000,0x00000000f4820000,0x00000000f4880000)
  to   space 512K, 0% used [0x00000000f4880000,0x00000000f4880000,0x00000000f4900000)
 ParOldGen       total 86016K, used 72520K [0x00000000c0000000, 0x00000000c5400000, 0x00000000eab00000)
  object space 86016K, 84% used [0x00000000c0000000,0x00000000c46d20b0,0x00000000c5400000)
 Metaspace       used 13941K, capacity 14580K, committed 14848K, reserved 1062912K
  class space    used 2082K, capacity 2249K, committed 2304K, reserved 1048576K
Event: 90.733 GC heap after
Heap after GC invocations=117 (full 11):
 PSYoungGen      total 39936K, used 96K [0x00000000eab00000, 0x00000000f4900000, 0x0000000100000000)
  eden space 39424K, 0% used [0x00000000eab00000,0x00000000eab00000,0x00000000ed180000)
  from space 512K, 18% used [0x00000000f4880000,0x00000000f4898000,0x00000000f4900000)
  to   space 512K, 0% used [0x00000000f4800000,0x00000000f4800000,0x00000000f4880000)
 ParOldGen       total 86016K, used 72520K [0x00000000c0000000, 0x00000000c5400000, 0x00000000eab00000)
  object space 86016K, 84% used [0x00000000c0000000,0x00000000c46d20b0,0x00000000c5400000)
 Metaspace       used 13941K, capacity 14580K, committed 14848K, reserved 1062912K
  class space    used 2082K, capacity 2249K, committed 2304K, reserved 1048576K
}
Event: 91.210 GC heap before
{Heap before GC invocations=118 (full 11):
 PSYoungGen      total 39936K, used 39520K [0x00000000eab00000, 0x00000000f4900000, 0x0000000100000000)
  eden space 39424K, 100% used [0x00000000eab00000,0x00000000ed180000,0x00000000ed180000)
  from space 512K, 18% used [0x00000000f4880000,0x00000000f4898000,0x00000000f4900000)
  to   space 512K, 0% used [0x00000000f4800000,0x00000000f4800000,0x00000000f4880000)
 ParOldGen       total 86016K, used 72520K [0x00000000c0000000, 0x00000000c5400000, 0x00000000eab00000)
  object space 86016K, 84% used [0x00000000c0000000,0x00000000c46d20b0,0x00000000c5400000)
 Metaspace       used 13941K, capacity 14580K, committed 14848K, reserved 1062912K
  class space    used 2082K, capacity 2249K, committed 2304K, reserved 1048576K
Event: 91.211 GC heap after
Heap after GC invocations=118 (full 11):
 PSYoungGen      total 38912K, used 128K [0x00000000eab00000, 0x00000000f4900000, 0x0000000100000000)
  eden space 38400K, 0% used [0x00000000eab00000,0x00000000eab00000,0x00000000ed080000)
  from space 512K, 25% used [0x00000000f4800000,0x00000000f4820000,0x00000000f4880000)
  to   space 512K, 0% used [0x00000000f4880000,0x00000000f4880000,0x00000000f4900000)
 ParOldGen       total 86016K, used 72520K [0x00000000c0000000, 0x00000000c5400000, 0x00000000eab00000)
  object space 86016K, 84% used [0x00000000c0000000,0x00000000c46d20b0,0x00000000c5400000)
 Metaspace       used 13941K, capacity 14580K, committed 14848K, reserved 1062912K
  class space    used 2082K, capacity 2249K, committed 2304K, reserved 1048576K
}
Event: 91.488 GC heap before
{Heap before GC invocations=119 (full 11):
 PSYoungGen      total 38912K, used 38528K [0x00000000eab00000, 0x00000000f4900000, 0x0000000100000000)
  eden space 38400K, 100% used [0x00000000eab00000,0x00000000ed080000,0x00000000ed080000)
  from space 512K, 25% used [0x00000000f4800000,0x00000000f4820000,0x00000000f4880000)
  to   space 512K, 0% used [0x00000000f4880000,0x00000000f4880000,0x00000000f4900000)
 ParOldGen       total 86016K, used 72520K [0x00000000c0000000, 0x00000000c5400000, 0x00000000eab00000)
  object space 86016K, 84% used [0x00000000c0000000,0x00000000c46d20b0,0x00000000c5400000)
 Metaspace       used 13941K, capacity 14580K, committed 14848K, reserved 1062912K
  class space    used 2082K, capacity 2249K, committed 2304K, reserved 1048576K
Event: 91.489 GC heap after
Heap after GC invocations=119 (full 11):
 PSYoungGen      total 37888K, used 96K [0x00000000eab00000, 0x00000000f4900000, 0x0000000100000000)
  eden space 37376K, 0% used [0x00000000eab00000,0x00000000eab00000,0x00000000ecf80000)
  from space 512K, 18% used [0x00000000f4880000,0x00000000f4898000,0x00000000f4900000)
  to   space 512K, 0% used [0x00000000f4800000,0x00000000f4800000,0x00000000f4880000)
 ParOldGen       total 86016K, used 72520K [0x00000000c0000000, 0x00000000c5400000, 0x00000000eab00000)
  object space 86016K, 84% used [0x00000000c0000000,0x00000000c46d20b0,0x00000000c5400000)
 Metaspace       used 13941K, capacity 14580K, committed 14848K, reserved 1062912K
  class space    used 2082K, capacity 2249K, committed 2304K, reserved 1048576K
}
Event: 91.780 GC heap before
{Heap before GC invocations=120 (full 11):
 PSYoungGen      total 37888K, used 37472K [0x00000000eab00000, 0x00000000f4900000, 0x0000000100000000)
  eden space 37376K, 100% used [0x00000000eab00000,0x00000000ecf80000,0x00000000ecf80000)
  from space 512K, 18% used [0x00000000f4880000,0x00000000f4898000,0x00000000f4900000)
  to   space 512K, 0% used [0x00000000f4800000,0x00000000f4800000,0x00000000f4880000)
 ParOldGen       total 86016K, used 72520K [0x00000000c0000000, 0x00000000c5400000, 0x00000000eab00000)
  object space 86016K, 84% used [0x00000000c0000000,0x00000000c46d20b0,0x00000000c5400000)
 Metaspace       used 13941K, capacity 14580K, committed 14848K, reserved 1062912K
  class space    used 2082K, capacity 2249K, committed 2304K, reserved 1048576K
Event: 91.780 GC heap after
Heap after GC invocations=120 (full 11):
 PSYoungGen      total 37376K, used 96K [0x00000000eab00000, 0x00000000f4900000, 0x0000000100000000)
  eden space 36864K, 0% used [0x00000000eab00000,0x00000000eab00000,0x00000000ecf00000)
  from space 512K, 18% used [0x00000000f4800000,0x00000000f4818000,0x00000000f4880000)
  to   space 512K, 0% used [0x00000000f4880000,0x00000000f4880000,0x00000000f4900000)
 ParOldGen       total 86016K, used 72520K [0x00000000c0000000, 0x00000000c5400000, 0x00000000eab00000)
  object space 86016K, 84% used [0x00000000c0000000,0x00000000c46d20b0,0x00000000c5400000)
 Metaspace       used 13941K, capacity 14580K, committed 14848K, reserved 1062912K
  class space    used 2082K, capacity 2249K, committed 2304K, reserved 1048576K
}
Event: 92.035 GC heap before
{Heap before GC invocations=121 (full 11):
 PSYoungGen      total 37376K, used 36960K [0x00000000eab00000, 0x00000000f4900000, 0x0000000100000000)
  eden space 36864K, 100% used [0x00000000eab00000,0x00000000ecf00000,0x00000000ecf00000)
  from space 512K, 18% used [0x00000000f4800000,0x00000000f4818000,0x00000000f4880000)
  to   space 512K, 0% used [0x00000000f4880000,0x00000000f4880000,0x00000000f4900000)
 ParOldGen       total 86016K, used 72520K [0x00000000c0000000, 0x00000000c5400000, 0x00000000eab00000)
  object space 86016K, 84% used [0x00000000c0000000,0x00000000c46d20b0,0x00000000c5400000)
 Metaspace       used 13941K, capacity 14580K, committed 14848K, reserved 1062912K
  class space    used 2082K, capacity 2249K, committed 2304K, reserved 1048576K
Event: 92.036 GC heap after
Heap after GC invocations=121 (full 11):
 PSYoungGen      total 36864K, used 96K [0x00000000eab00000, 0x00000000f4900000, 0x0000000100000000)
  eden space 36352K, 0% used [0x00000000eab00000,0x00000000eab00000,0x00000000ece80000)
  from space 512K, 18% used [0x00000000f4880000,0x00000000f4898000,0x00000000f4900000)
  to   space 512K, 0% used [0x00000000f4800000,0x00000000f4800000,0x00000000f4880000)
 ParOldGen       total 86016K, used 72520K [0x00000000c0000000, 0x00000000c5400000, 0x00000000eab00000)
  object space 86016K, 84% used [0x00000000c0000000,0x00000000c46d20b0,0x00000000c5400000)
 Metaspace       used 13941K, capacity 14580K, committed 14848K, reserved 1062912K
  class space    used 2082K, capacity 2249K, committed 2304K, reserved 1048576K
}

Deoptimization events (10 events):
Event: 43.194 Thread 0x0000023fa6679000 Uncommon trap: reason=class_check action=maybe_recompile pc=0x0000023fa88042f8 method=scala.collection.immutable.List.take(I)Lscala/collection/immutable/List; @ 1
Event: 43.194 Thread 0x0000023fa6679000 Uncommon trap: reason=class_check action=maybe_recompile pc=0x0000023fa8c8c21c method=org.openkoreantext.processor.tokenizer.KoreanTokenizer$.$anonfun$findTopCandidates$2(Lorg/openkoreantext/processor/tokenizer/KoreanTokenizer$;Lorg/openkoreantext/process
Event: 47.105 Thread 0x0000023fa6679000 Uncommon trap: reason=unstable_if action=reinterpret pc=0x0000023fa898d6a8 method=org.openkoreantext.processor.util.KoreanSubstantive$.isName(Ljava/lang/CharSequence;)Z @ 49
Event: 78.519 Thread 0x0000023fa6679000 Uncommon trap: reason=bimorphic action=maybe_recompile pc=0x0000023fa8514d78 method=scala.collection.SeqLike.sorted(Lscala/math/Ordering;)Ljava/lang/Object; @ 1
Event: 78.519 Thread 0x0000023fa6679000 Uncommon trap: reason=class_check action=maybe_recompile pc=0x0000023fa8c81bb0 method=org.openkoreantext.processor.tokenizer.KoreanTokenizer$.$anonfun$findTopCandidates$2(Lorg/openkoreantext/processor/tokenizer/KoreanTokenizer$;Lorg/openkoreantext/process
Event: 78.519 Thread 0x0000023fa6679000 Uncommon trap: reason=class_check action=maybe_recompile pc=0x0000023fa88042f8 method=scala.collection.immutable.List.take(I)Lscala/collection/immutable/List; @ 1
Event: 78.519 Thread 0x0000023fa6679000 Uncommon trap: reason=class_check action=maybe_recompile pc=0x0000023fa8b68c54 method=scala.collection.immutable.List.$plus$plus(Lscala/collection/GenTraversableOnce;Lscala/collection/generic/CanBuildFrom;)Ljava/lang/Object; @ 11
Event: 78.519 Thread 0x0000023fa6679000 Uncommon trap: reason=class_check action=maybe_recompile pc=0x0000023fa86f6a0c method=scala.collection.immutable.List.$colon$colon$colon(Lscala/collection/immutable/List;)Lscala/collection/immutable/List; @ 1
Event: 85.638 Thread 0x0000023fa6679000 Uncommon trap: reason=unstable_if action=reinterpret pc=0x0000023fa8c72ca4 method=org.openkoreantext.processor.tokenizer.ParsedChunk.$anonfun$josaMismatched$1(Lscala/collection/Seq;)Z @ 322
Event: 92.190 Thread 0x0000023fa6679000 Uncommon trap: reason=unstable_if action=reinterpret pc=0x0000023fa8c5d50c method=org.jpype.manager.TypeManager.findClassForObject(Ljava/lang/Object;)J @ 8

Classes redefined (0 events):
No events

Internal exceptions (10 events):
Event: 9.890 Thread 0x0000023fa6679000 Exception <a 'java/lang/NoSuchMethodError': java.lang.Object.$anonfun$sliding$1(Lscala/collection/IterableLike;Lscala/collection/Seq;)Ljava/lang/Object;> (0x00000000edb89680) thrown at [C:\jenkins\workspace\8-2-build-windows-amd64-cygwin\jdk8u261\295\hots
Event: 9.900 Thread 0x0000023fa6679000 Exception <a 'java/lang/NoSuchMethodError': java.lang.Object.$anonfun$sum$1(Lscala/math/Numeric;Ljava/lang/Object;Ljava/lang/Object;)Ljava/lang/Object;> (0x00000000edbd28d8) thrown at [C:\jenkins\workspace\8-2-build-windows-amd64-cygwin\jdk8u261\295\hotsp
Event: 9.916 Thread 0x0000023fa6679000 Exception <a 'java/lang/NoSuchMethodError': java.lang.Object.$anonfun$distinct$1(Lscala/collection/mutable/Builder;Lscala/collection/mutable/HashSet;Ljava/lang/Object;)Ljava/lang/Object;> (0x00000000edc36f80) thrown at [C:\jenkins\workspace\8-2-build-wind
Event: 9.941 Thread 0x0000023fa6679000 Exception <a 'java/lang/NoSuchMethodError': java.lang.Object.$anonfun$releaseVersion$1$adapted(Ljava/lang/String;)Ljava/lang/Object;> (0x00000000edcd7d70) thrown at [C:\jenkins\workspace\8-2-build-windows-amd64-cygwin\jdk8u261\295\hotspot\src\share\vm\int
Event: 9.943 Thread 0x0000023fa6679000 Exception <a 'java/lang/NoSuchMethodError': java.lang.Object.$anonfun$releaseVersion$2(Ljava/lang/String;)Ljava/lang/String;> (0x00000000edce2748) thrown at [C:\jenkins\workspace\8-2-build-windows-amd64-cygwin\jdk8u261\295\hotspot\src\share\vm\interpreter
Event: 9.944 Thread 0x0000023fa6679000 Exception <a 'java/lang/NoSuchMethodError': java.lang.Object.$anonfun$developmentVersion$1$adapted(Ljava/lang/String;)Ljava/lang/Object;> (0x00000000edce68e0) thrown at [C:\jenkins\workspace\8-2-build-windows-amd64-cygwin\jdk8u261\295\hotspot\src\share\vm
Event: 9.945 Thread 0x0000023fa6679000 Exception <a 'java/lang/NoSuchMethodError': java.lang.Object.$anonfun$developmentVersion$2(Lscala/util/PropertiesTrait;Ljava/lang/String;)Lscala/Option;> (0x00000000edcea6a8) thrown at [C:\jenkins\workspace\8-2-build-windows-amd64-cygwin\jdk8u261\295\hots
Event: 9.961 Thread 0x0000023fa6679000 Exception <a 'java/lang/NoSuchMethodError': java.lang.Object.$anonfun$addString$1(Lscala/collection/mutable/StringBuilder;Ljava/lang/String;Lscala/runtime/BooleanRef;Ljava/lang/Object;)Ljava/lang/Object;> (0x00000000edd33680) thrown at [C:\jenkins\workspa
Event: 15.823 Thread 0x0000023fa6679000 Exception <a 'java/lang/NoSuchMethodError': java.lang.Object.$anonfun$filterImpl$1(Lscala/Function1;ZLscala/collection/mutable/Builder;Ljava/lang/Object;)Ljava/lang/Object;> (0x00000000eab75238) thrown at [C:\jenkins\workspace\8-2-build-windows-amd64-cygw
Event: 92.192 Thread 0x0000023fa6679000 Exception <a 'java/lang/InterruptedException': sleep interrupted> (0x00000000eaccb898) thrown at [C:\jenkins\workspace\8-2-build-windows-amd64-cygwin\jdk8u261\295\hotspot\src\share\vm\prims\jvm.cpp, line 3298]

Events (10 events):
Event: 92.139 loading class sun/misc/Signal$1 done
Event: 92.143 Thread 0x0000023fbec6f800 Thread added: 0x0000023fbec6f800
Event: 92.151 Executing VM operation: RevokeBias
Event: 92.152 Executing VM operation: RevokeBias done
Event: 92.152 Thread 0x0000023fbec6f800 Thread exited: 0x0000023fbec6f800
Event: 92.190 Thread 0x0000023fa6679000 Uncommon trap: trap_request=0xffffff65 fr.pc=0x0000023fa8c5d50c
Event: 92.190 Thread 0x0000023fa6679000 DEOPT PACKING pc=0x0000023fa8c5d50c sp=0x000000a0355e7250
Event: 92.190 Thread 0x0000023fa6679000 DEOPT UNPACKING pc=0x0000023fa8315843 sp=0x000000a0355e7288 mode 2
Event: 92.207 loading class org/jpype/ref/JPypeReferenceSet$Pool
Event: 92.207 loading class org/jpype/ref/JPypeReferenceSet$Pool done


Dynamic libraries:
0x00007ff701760000 - 0x00007ff70177c000 	C:\Users\jongm\anaconda3\envs\tensorflow\python.exe
0x00007ff9e9de0000 - 0x00007ff9e9fd0000 	C:\windows\SYSTEM32\ntdll.dll
0x00007ff9e8420000 - 0x00007ff9e84d2000 	C:\windows\System32\KERNEL32.DLL
0x00007ff9e6d70000 - 0x00007ff9e7015000 	C:\windows\System32\KERNELBASE.dll
0x00007ff9e7530000 - 0x00007ff9e762a000 	C:\windows\System32\ucrtbase.dll
0x00007ff9d3510000 - 0x00007ff9d3525000 	C:\Users\jongm\anaconda3\envs\tensorflow\VCRUNTIME140.dll
0x00007ff96ce30000 - 0x00007ff96d1f3000 	C:\Users\jongm\anaconda3\envs\tensorflow\python37.dll
0x00007ff9e8a70000 - 0x00007ff9e8ac2000 	C:\windows\System32\SHLWAPI.dll
0x00007ff9e84e0000 - 0x00007ff9e857e000 	C:\windows\System32\msvcrt.dll
0x00007ff9e8730000 - 0x00007ff9e8a65000 	C:\windows\System32\combase.dll
0x00007ff9e7f50000 - 0x00007ff9e8070000 	C:\windows\System32\RPCRT4.dll
0x00007ff9e7480000 - 0x00007ff9e7500000 	C:\windows\System32\bcryptPrimitives.dll
0x00007ff9e8070000 - 0x00007ff9e8096000 	C:\windows\System32\GDI32.dll
0x00007ff9e7500000 - 0x00007ff9e7521000 	C:\windows\System32\win32u.dll
0x00007ff9e70a0000 - 0x00007ff9e7236000 	C:\windows\System32\gdi32full.dll
0x00007ff9e7240000 - 0x00007ff9e72de000 	C:\windows\System32\msvcp_win.dll
0x00007ff9e8590000 - 0x00007ff9e8724000 	C:\windows\System32\USER32.dll
0x00007ff9e8ad0000 - 0x00007ff9e8b3f000 	C:\windows\System32\WS2_32.dll
0x00007ff9d78d0000 - 0x00007ff9d78da000 	C:\windows\SYSTEM32\VERSION.dll
0x00007ff9e8110000 - 0x00007ff9e81b3000 	C:\windows\System32\ADVAPI32.dll
0x00007ff9e8ba0000 - 0x00007ff9e8c37000 	C:\windows\System32\sechost.dll
0x00007ff9e83f0000 - 0x00007ff9e841e000 	C:\windows\System32\IMM32.DLL
0x00007ff9e7020000 - 0x00007ff9e7037000 	C:\windows\System32\CRYPTSP.dll
0x00007ff9e6060000 - 0x00007ff9e6093000 	C:\windows\system32\rsaenh.dll
0x00007ff9e7630000 - 0x00007ff9e7656000 	C:\windows\System32\bcrypt.dll
0x00007ff9e66c0000 - 0x00007ff9e66cc000 	C:\windows\SYSTEM32\CRYPTBASE.dll
0x00007ff9e00c0000 - 0x00007ff9e00cf000 	C:\Users\jongm\anaconda3\envs\tensorflow\python3.DLL
0x00007ff9c3470000 - 0x00007ff9c3479000 	C:\Users\jongm\anaconda3\envs\tensorflow\lib\site-packages\markupsafe\_speedups.cp37-win_amd64.pyd
0x00007ff9dbe20000 - 0x00007ff9dbe38000 	C:\Users\jongm\anaconda3\envs\tensorflow\DLLs\_bz2.pyd
0x00007ff9a94d0000 - 0x00007ff9a9500000 	C:\Users\jongm\anaconda3\envs\tensorflow\DLLs\_lzma.pyd
0x00007ff9bf300000 - 0x00007ff9bf30d000 	C:\Users\jongm\anaconda3\envs\tensorflow\DLLs\_hashlib.pyd
0x0000000067e00000 - 0x00000000680ab000 	C:\Program Files\Git\mingw64\bin\libcrypto-1_1-x64.dll
0x00007ff982020000 - 0x00007ff982064000 	C:\Users\jongm\anaconda3\envs\tensorflow\DLLs\_decimal.pyd
0x00007ff97e530000 - 0x00007ff97e638000 	C:\Users\jongm\anaconda3\envs\tensorflow\DLLs\unicodedata.pyd
0x00007ff9a94b0000 - 0x00007ff9a94c5000 	C:\Users\jongm\anaconda3\envs\tensorflow\DLLs\_socket.pyd
0x00007ff9946b0000 - 0x00007ff9946b9000 	C:\Users\jongm\anaconda3\envs\tensorflow\DLLs\select.pyd
0x00007ff9a77a0000 - 0x00007ff9a77bf000 	C:\Users\jongm\anaconda3\envs\tensorflow\DLLs\_ssl.pyd
0x00007ff9e7330000 - 0x00007ff9e7479000 	C:\windows\System32\CRYPT32.dll
0x00007ff9e6d20000 - 0x00007ff9e6d32000 	C:\windows\System32\MSASN1.dll
0x000000006d480000 - 0x000000006d50d000 	C:\Program Files\Git\mingw64\bin\libssl-1_1-x64.dll
0x00007ff994770000 - 0x00007ff994793000 	C:\Users\jongm\anaconda3\envs\tensorflow\DLLs\_ctypes.pyd
0x00007ff9e81c0000 - 0x00007ff9e8317000 	C:\windows\System32\ole32.dll
0x00007ff9e92a0000 - 0x00007ff9e9365000 	C:\windows\System32\OLEAUT32.dll
0x00007ff9e96b0000 - 0x00007ff9e9d97000 	C:\windows\System32\shell32.DLL
0x00007ff9e72e0000 - 0x00007ff9e732a000 	C:\windows\System32\cfgmgr32.dll
0x00007ff9e7e90000 - 0x00007ff9e7f39000 	C:\windows\System32\shcore.dll
0x00007ff9e7660000 - 0x00007ff9e7de0000 	C:\windows\System32\windows.storage.dll
0x00007ff9e6d40000 - 0x00007ff9e6d63000 	C:\windows\System32\profapi.dll
0x00007ff9e6cb0000 - 0x00007ff9e6cfa000 	C:\windows\System32\powrprof.dll
0x00007ff9e6ca0000 - 0x00007ff9e6cb0000 	C:\windows\System32\UMPDC.dll
0x00007ff9e6d00000 - 0x00007ff9e6d11000 	C:\windows\System32\kernel.appcore.dll
0x00007ff994690000 - 0x00007ff994699000 	C:\Users\jongm\anaconda3\envs\tensorflow\lib\site-packages\sqlalchemy\cprocessors.cp37-win_amd64.pyd
0x00007ff983210000 - 0x00007ff983218000 	C:\Users\jongm\anaconda3\envs\tensorflow\lib\site-packages\sqlalchemy\cutils.cp37-win_amd64.pyd
0x00007ff983200000 - 0x00007ff98320a000 	C:\Users\jongm\anaconda3\envs\tensorflow\lib\site-packages\sqlalchemy\cresultproxy.cp37-win_amd64.pyd
0x00007ff9e0120000 - 0x00007ff9e0127000 	C:\Users\jongm\anaconda3\envs\tensorflow\lib\site-packages\mkl\_mklinit.cp37-win_amd64.pyd
0x00007ff990800000 - 0x00007ff99185d000 	C:\Users\jongm\anaconda3\envs\tensorflow\Library\bin\mkl_rt.dll
0x00007ff983270000 - 0x00007ff983292000 	C:\Users\jongm\anaconda3\envs\tensorflow\lib\site-packages\mkl\_py_mkl_service.cp37-win_amd64.pyd
0x00007ff97e260000 - 0x00007ff97e528000 	C:\Users\jongm\anaconda3\envs\tensorflow\lib\site-packages\numpy\core\_multiarray_umath.cp37-win_amd64.pyd
0x00007ff982000000 - 0x00007ff98201f000 	C:\Users\jongm\anaconda3\envs\tensorflow\lib\site-packages\numpy\core\_multiarray_tests.cp37-win_amd64.pyd
0x00007ff9e0110000 - 0x00007ff9e0119000 	C:\Users\jongm\anaconda3\envs\tensorflow\lib\site-packages\numpy\linalg\lapack_lite.cp37-win_amd64.pyd
0x00007ff981fd0000 - 0x00007ff981ffa000 	C:\Users\jongm\anaconda3\envs\tensorflow\lib\site-packages\numpy\linalg\_umath_linalg.cp37-win_amd64.pyd
0x00007ff981fb0000 - 0x00007ff981fd0000 	C:\Users\jongm\anaconda3\envs\tensorflow\lib\site-packages\numpy\fft\_pocketfft_internal.cp37-win_amd64.pyd
0x00007ff97e1d0000 - 0x00007ff97e25f000 	C:\Users\jongm\anaconda3\envs\tensorflow\lib\site-packages\numpy\random\mtrand.cp37-win_amd64.pyd
0x00007ff981f80000 - 0x00007ff981faa000 	C:\Users\jongm\anaconda3\envs\tensorflow\lib\site-packages\numpy\random\bit_generator.cp37-win_amd64.pyd
0x00007ff981f40000 - 0x00007ff981f71000 	C:\Users\jongm\anaconda3\envs\tensorflow\lib\site-packages\numpy\random\_common.cp37-win_amd64.pyd
0x00007ff981ea0000 - 0x00007ff981ee0000 	C:\Users\jongm\anaconda3\envs\tensorflow\lib\site-packages\numpy\random\_bounded_integers.cp37-win_amd64.pyd
0x00007ff97e1b0000 - 0x00007ff97e1c8000 	C:\Users\jongm\anaconda3\envs\tensorflow\lib\site-packages\numpy\random\_mt19937.cp37-win_amd64.pyd
0x00007ff97e190000 - 0x00007ff97e1a7000 	C:\Users\jongm\anaconda3\envs\tensorflow\lib\site-packages\numpy\random\_philox.cp37-win_amd64.pyd
0x00007ff97e170000 - 0x00007ff97e185000 	C:\Users\jongm\anaconda3\envs\tensorflow\lib\site-packages\numpy\random\_pcg64.cp37-win_amd64.pyd
0x00007ff97e150000 - 0x00007ff97e162000 	C:\Users\jongm\anaconda3\envs\tensorflow\lib\site-packages\numpy\random\_sfc64.cp37-win_amd64.pyd
0x00007ff97e0a0000 - 0x00007ff97e144000 	C:\Users\jongm\anaconda3\envs\tensorflow\lib\site-packages\numpy\random\_generator.cp37-win_amd64.pyd
0x00007ff926220000 - 0x00007ff928fed000 	C:\Users\jongm\anaconda3\envs\tensorflow\Library\bin\mkl_intel_thread.dll
0x00007ff921a80000 - 0x00007ff92621a000 	C:\Users\jongm\anaconda3\envs\tensorflow\Library\bin\mkl_core.dll
0x00007ff91f290000 - 0x00007ff921a72000 	C:\Users\jongm\anaconda3\envs\tensorflow\Library\bin\mkl_avx2.dll
0x00007ff91e420000 - 0x00007ff91f28d000 	C:\Users\jongm\anaconda3\envs\tensorflow\Library\bin\mkl_vml_avx2.dll
0x00007ff991e20000 - 0x00007ff991f2d000 	C:\Users\jongm\anaconda3\envs\tensorflow\lib\site-packages\pandas\_libs\interval.cp37-win_amd64.pyd
0x00007ff991d90000 - 0x00007ff991e11000 	C:\Users\jongm\anaconda3\envs\tensorflow\lib\site-packages\pandas\_libs\hashtable.cp37-win_amd64.pyd
0x00007ff992850000 - 0x00007ff99287b000 	C:\Users\jongm\anaconda3\envs\tensorflow\lib\site-packages\pandas\_libs\missing.cp37-win_amd64.pyd
0x00007ff991d70000 - 0x00007ff991d8d000 	C:\Users\jongm\anaconda3\envs\tensorflow\lib\site-packages\pandas\_libs\tslibs\dtypes.cp37-win_amd64.pyd
0x00007ff991d30000 - 0x00007ff991d6c000 	C:\Users\jongm\anaconda3\envs\tensorflow\lib\site-packages\pandas\_libs\tslibs\conversion.cp37-win_amd64.pyd
0x00007ff9d27e0000 - 0x00007ff9d27ef000 	C:\Users\jongm\anaconda3\envs\tensorflow\lib\site-packages\pandas\_libs\tslibs\base.cp37-win_amd64.pyd
0x00007ff991d00000 - 0x00007ff991d2f000 	C:\Users\jongm\anaconda3\envs\tensorflow\lib\site-packages\pandas\_libs\tslibs\nattype.cp37-win_amd64.pyd
0x00007ff9c9420000 - 0x00007ff9c942f000 	C:\Users\jongm\anaconda3\envs\tensorflow\lib\site-packages\pandas\_libs\tslibs\np_datetime.cp37-win_amd64.pyd
0x00007ff991cc0000 - 0x00007ff991cf4000 	C:\Users\jongm\anaconda3\envs\tensorflow\lib\site-packages\pandas\_libs\tslibs\timezones.cp37-win_amd64.pyd
0x00007ff991c80000 - 0x00007ff991cbb000 	C:\Users\jongm\anaconda3\envs\tensorflow\lib\site-packages\pandas\_libs\tslibs\tzconversion.cp37-win_amd64.pyd
0x00007ff991c60000 - 0x00007ff991c72000 	C:\Users\jongm\anaconda3\envs\tensorflow\lib\site-packages\pandas\_libs\tslibs\ccalendar.cp37-win_amd64.pyd
0x00007ff991c00000 - 0x00007ff991c51000 	C:\Users\jongm\anaconda3\envs\tensorflow\lib\site-packages\pandas\_libs\tslibs\parsing.cp37-win_amd64.pyd
0x00007ff991b30000 - 0x00007ff991bf5000 	C:\Users\jongm\anaconda3\envs\tensorflow\lib\site-packages\pandas\_libs\tslibs\offsets.cp37-win_amd64.pyd
0x00007ff991ad0000 - 0x00007ff991b2d000 	C:\Users\jongm\anaconda3\envs\tensorflow\lib\site-packages\pandas\_libs\tslibs\timedeltas.cp37-win_amd64.pyd
0x00007ff991a70000 - 0x00007ff991acf000 	C:\Users\jongm\anaconda3\envs\tensorflow\lib\site-packages\pandas\_libs\tslibs\timestamps.cp37-win_amd64.pyd
0x00007ff991a30000 - 0x00007ff991a6c000 	C:\Users\jongm\anaconda3\envs\tensorflow\lib\site-packages\pandas\_libs\tslibs\fields.cp37-win_amd64.pyd
0x00007ff9919e0000 - 0x00007ff991a2d000 	C:\Users\jongm\anaconda3\envs\tensorflow\lib\site-packages\pandas\_libs\tslibs\strptime.cp37-win_amd64.pyd
0x00007ff9907e0000 - 0x00007ff9907f3000 	C:\Users\jongm\anaconda3\envs\tensorflow\lib\site-packages\pandas\_libs\properties.cp37-win_amd64.pyd
0x00007ff990780000 - 0x00007ff9907d9000 	C:\Users\jongm\anaconda3\envs\tensorflow\lib\site-packages\pandas\_libs\tslibs\period.cp37-win_amd64.pyd
0x00007ff990740000 - 0x00007ff990774000 	C:\Users\jongm\anaconda3\envs\tensorflow\lib\site-packages\pandas\_libs\tslibs\vectorized.cp37-win_amd64.pyd
0x00007ff990720000 - 0x00007ff990732000 	C:\Users\jongm\anaconda3\envs\tensorflow\lib\site-packages\pandas\_libs\ops_dispatch.cp37-win_amd64.pyd
0x00007ff9905f0000 - 0x00007ff99071f000 	C:\Users\jongm\anaconda3\envs\tensorflow\lib\site-packages\pandas\_libs\algos.cp37-win_amd64.pyd
0x00007ff990580000 - 0x00007ff9905ef000 	C:\Users\jongm\anaconda3\envs\tensorflow\lib\site-packages\pandas\_libs\lib.cp37-win_amd64.pyd
0x00007ff990550000 - 0x00007ff990576000 	C:\Users\jongm\anaconda3\envs\tensorflow\lib\site-packages\pandas\_libs\tslib.cp37-win_amd64.pyd
0x00007ff990520000 - 0x00007ff99054b000 	C:\Users\jongm\anaconda3\envs\tensorflow\lib\site-packages\pandas\_libs\hashing.cp37-win_amd64.pyd
0x00007ff9904e0000 - 0x00007ff990512000 	C:\Users\jongm\anaconda3\envs\tensorflow\lib\site-packages\pandas\_libs\ops.cp37-win_amd64.pyd
0x00007ff990460000 - 0x00007ff9904d3000 	C:\Users\jongm\anaconda3\envs\tensorflow\lib\site-packages\pandas\_libs\index.cp37-win_amd64.pyd
0x00007ff990280000 - 0x00007ff990452000 	C:\Users\jongm\anaconda3\envs\tensorflow\lib\site-packages\pandas\_libs\join.cp37-win_amd64.pyd
0x00007ff9901b0000 - 0x00007ff990276000 	C:\Users\jongm\anaconda3\envs\tensorflow\lib\site-packages\pandas\_libs\sparse.cp37-win_amd64.pyd
0x00007ff990100000 - 0x00007ff99013c000 	C:\Users\jongm\anaconda3\envs\tensorflow\lib\site-packages\pandas\_libs\reshape.cp37-win_amd64.pyd
0x00007ff9b6410000 - 0x00007ff9b6420000 	C:\Users\jongm\anaconda3\envs\tensorflow\lib\site-packages\pandas\_libs\indexing.cp37-win_amd64.pyd
0x00007ff9900c0000 - 0x00007ff9900f1000 	C:\Users\jongm\anaconda3\envs\tensorflow\lib\site-packages\pandas\_libs\writers.cp37-win_amd64.pyd
0x00007ff990080000 - 0x00007ff9900b8000 	C:\Users\jongm\anaconda3\envs\tensorflow\lib\site-packages\pandas\_libs\internals.cp37-win_amd64.pyd
0x00007ff990020000 - 0x00007ff990076000 	C:\Users\jongm\anaconda3\envs\tensorflow\lib\site-packages\pandas\_libs\window\aggregations.cp37-win_amd64.pyd
0x00007ff9d3f20000 - 0x00007ff9d3fb1000 	C:\windows\SYSTEM32\MSVCP140.dll
0x00007ff9d3fc0000 - 0x00007ff9d3fcc000 	C:\windows\SYSTEM32\VCRUNTIME140_1.dll
0x00007ff990180000 - 0x00007ff9901a9000 	C:\Users\jongm\anaconda3\envs\tensorflow\lib\site-packages\pandas\_libs\window\indexers.cp37-win_amd64.pyd
0x00007ff98ff30000 - 0x00007ff990013000 	C:\Users\jongm\anaconda3\envs\tensorflow\lib\site-packages\pandas\_libs\groupby.cp37-win_amd64.pyd
0x00007ff98f0f0000 - 0x00007ff98f134000 	C:\Users\jongm\anaconda3\envs\tensorflow\lib\site-packages\pandas\_libs\reduction.cp37-win_amd64.pyd
0x00007ff98efa0000 - 0x00007ff98f00a000 	C:\Users\jongm\anaconda3\envs\tensorflow\lib\site-packages\pandas\_libs\parsers.cp37-win_amd64.pyd
0x00007ff98f0d0000 - 0x00007ff98f0e5000 	C:\Users\jongm\anaconda3\envs\tensorflow\lib\site-packages\pandas\_libs\json.cp37-win_amd64.pyd
0x00007ff98f0b0000 - 0x00007ff98f0c6000 	C:\Users\jongm\anaconda3\envs\tensorflow\lib\site-packages\pandas\_libs\testing.cp37-win_amd64.pyd
0x00007ff97e000000 - 0x00007ff97e09a000 	C:\Users\jongm\anaconda3\envs\tensorflow\lib\site-packages\matplotlib\ft2font.cp37-win_amd64.pyd
0x00007ff97dfd0000 - 0x00007ff97dff8000 	C:\Users\jongm\anaconda3\envs\tensorflow\lib\site-packages\kiwisolver.cp37-win_amd64.pyd
0x00007ff97dfa0000 - 0x00007ff97dfce000 	C:\Users\jongm\anaconda3\envs\tensorflow\lib\site-packages\matplotlib\_path.cp37-win_amd64.pyd
0x00007ff97df60000 - 0x00007ff97df95000 	C:\Users\jongm\anaconda3\envs\tensorflow\DLLs\_elementtree.pyd
0x00007ff97df20000 - 0x00007ff97df52000 	C:\Users\jongm\anaconda3\envs\tensorflow\DLLs\pyexpat.pyd
0x00007ff97dc90000 - 0x00007ff97df13000 	C:\Users\jongm\anaconda3\envs\tensorflow\lib\site-packages\PIL\_imaging.cp37-win_amd64.pyd
0x00007ff97dc50000 - 0x00007ff97dc84000 	C:\Users\jongm\anaconda3\envs\tensorflow\lib\site-packages\matplotlib\_image.cp37-win_amd64.pyd
0x00007ff97dc00000 - 0x00007ff97dc41000 	C:\Users\jongm\anaconda3\envs\tensorflow\lib\site-packages\matplotlib\backends\_backend_agg.cp37-win_amd64.pyd
0x00007ff97dbe0000 - 0x00007ff97dbf3000 	C:\Users\jongm\anaconda3\envs\tensorflow\DLLs\_tkinter.pyd
0x00007ff97da30000 - 0x00007ff97dbd4000 	C:\Users\jongm\anaconda3\envs\tensorflow\DLLs\tcl86t.dll
0x00007ff97d8c0000 - 0x00007ff97da27000 	C:\Users\jongm\anaconda3\envs\tensorflow\DLLs\tk86t.dll

VM Arguments:
jvm_args: -Dfile.encoding=UTF8 -ea -Xmx1024m 
java_command: <unknown>
java_class_path (initial): C:\Users\jongm\anaconda3\envs\tensorflow\lib\site-packages\konlpy\java;C:\Users\jongm\anaconda3\envs\tensorflow\lib\site-packages\konlpy\java\bin;C:\Users\jongm\anaconda3\envs\tensorflow\lib\site-packages\konlpy\java\*;C:\Users\jongm\anaconda3\envs\tensorflow\lib\site-packages\konlpy\java\jhannanum-0.8.4.jar;C:\Users\jongm\anaconda3\envs\tensorflow\lib\site-packages\konlpy\java\kkma-2.0.jar;C:\Users\jongm\anaconda3\envs\tensorflow\lib\site-packages\konlpy\java\aho-corasick.jar;C:\Users\jongm\anaconda3\envs\tensorflow\lib\site-packages\konlpy\java\shineware-common-1.0.jar;C:\Users\jongm\anaconda3\envs\tensorflow\lib\site-packages\konlpy\java\shineware-ds-1.0.jar;C:\Users\jongm\anaconda3\envs\tensorflow\lib\site-packages\konlpy\java\komoran-3.0.jar;C:\Users\jongm\anaconda3\envs\tensorflow\lib\site-packages\konlpy\java\snakeyaml-1.12.jar;C:\Users\jongm\anaconda3\envs\tensorflow\lib\site-packages\konlpy\java\scala-library-2.12.3.jar;C:\Users\jongm\anaconda3\envs\tensorflow\lib\site-packages\konlpy\java\open-korean-text-2.1.0.jar;C:\Users\jongm\anaconda3\envs\tensorflow\lib\site-packages\konlpy\java\twitter-text-1.14.7.jar;C:\Users\jongm\anaconda3\envs\tensorflow\lib\site-packages\konlpy\java\*
Launcher Type: generic

Environment Variables:
JAVA_HOME=C:\Program Files\Java\jdk1.8.0_261;C:\Program Files\Java\jre1.8.0_261;
PATH=C:\Program Files\Git\mingw64\bin;C:\Program Files\Git\usr\bin;C:\Users\jongm\bin;C:\Users\jongm\anaconda3\envs\tensorflow;C:\Users\jongm\anaconda3\envs\tensorflow\Library\mingw-w64\bin;C:\Users\jongm\anaconda3\envs\tensorflow\Library\usr\bin;C:\Users\jongm\anaconda3\envs\tensorflow\Library\bin;C:\Users\jongm\anaconda3\envs\tensorflow\Scripts;C:\Users\jongm\anaconda3\envs\tensorflow\bin;C:\Users\jongm\anaconda3\condabin;C:\Program Files (x86)\Common Files\Oracle\Java\javapath;C:\windows\system32;C:\windows;C:\windows\System32\Wbem;C:\windows\System32\WindowsPowerShell\v1.0;C:\windows\System32\OpenSSH;C:\Program Files\Intel\WiFi\bin;C:\Program Files\Common Files\Intel\WirelessCommon;C:\Program Files (x86)\Microsoft SDKs\F#\4.1\Framework\v4.0;C:\Users\jongm\anaconda3;C:\Users\jongm\anaconda3\Scripts;C:\Users\jongm\anaconda3\Library\bin;C:\Users\jongm\anaconda3\Library\mingw-w64\bin;C:\Program Files\Git\cmd;C:\Users\jongm\SBAprojects;C:\Program Files\nodejs;C:\Program Files\MariaDB 10.5\bin;C:\Users\jongm\anaconda3\envs\tensorflow;C:\Users\jongm\anaconda3\envs\tensorflow\Lib;C:\Users\jongm\AppData\Local\Microsoft\WindowsApps;C:\Users\jongm\AppData\Local\Programs\Microsoft VS Code\bin;C:\Users\jongm\AppData\Roaming\npm;C:\Users\jongm\anaconda3\envs\tensorflow\lib\site-packages\numpy\.libs;C:\Users\jongm\anaconda3\envs\tensorflow\lib\site-packages\scipy\.libs
USERNAME=jongm
OS=Windows_NT
PROCESSOR_IDENTIFIER=Intel64 Family 6 Model 142 Stepping 12, GenuineIntel



---------------  S Y S T E M  ---------------

OS: Windows 10.0 , 64 bit Build 18362 (10.0.18362.1110)

CPU:total 4 (initial active 4) (2 cores per cpu, 2 threads per core) family 6 model 142 stepping 12, cmov, cx8, fxsr, mmx, sse, sse2, sse3, ssse3, sse4.1, sse4.2, popcnt, avx, avx2, aes, clmul, erms, 3dnowpref, lzcnt, ht, tsc, tscinvbit, bmi1, bmi2, adx

Memory: 4k page, physical 8194712k(335824k free), swap 30735388k(5080604k free)

vm_info: Java HotSpot(TM) 64-Bit Server VM (25.261-b12) for windows-amd64 JRE (1.8.0_261-b12), built on Jun 18 2020 06:56:32 by "" with unknown MS VC++:1916

time: Mon Oct 26 17:50:42 2020
timezone: ¢¥eCN©öI¡¾©ö C¡ÍA¨ª¨öA
elapsed time: 92 seconds (0d 0h 1m 32s)

